Lines are numbered from 0
Autoionizing line 'Cr' #2 will be computed
Autoionizing line 'Cr' #15 will be computed
Autoionizing line 'Cr' #37 will be computed
Autoionizing line 'Ca' #43 will be computed
Autoionizing line 'Ca' #58 will be computed
Autoionizing line 'Cr' #59 will be computed
Autoionizing line 'Ca' #72 will be computed
Autoionizing line 'Ca' #79 will be computed
Autoionizing line 'Cu' #117 will be computed
Autoionizing line 'Ca' #212 will be computed
Autoionizing line 'Cr' #233 will be computed
Autoionizing line 'Cr' #251 will be computed
Autoionizing line 'Cr' #307 will be computed
Autoionizing line 'Fe' #326 will be computed
Autoionizing line 'Ca' #341 will be computed
Autoionizing line 'Ca' #351 will be computed
Autoionizing line 'Cr' #434 will be computed
Autoionizing line 'Cr' #463 will be computed
Autoionizing line 'Ca' #485 will be computed
Autoionizing line 'Ca' #486 will be computed
Autoionizing line 'Cr' #489 will be computed
Autoionizing line 'Cr' #491 will be computed
Autoionizing line 'Ca' #494 will be computed
Autoionizing line 'Cr' #508 will be computed
Autoionizing line 'Cr' #517 will be computed
Autoionizing line 'Ca' #539 will be computed
Autoionizing line 'Ca' #542 will be computed
Autoionizing line 'Cr' #580 will be computed
Autoionizing line 'Ca' #586 will be computed
Autoionizing line 'Ca' #635 will be computed
Autoionizing line 'Ca' #643 will be computed
Autoionizing line 'Cr' #645 will be computed
Autoionizing line 'Cr' #671 will be computed
Autoionizing line 'Cr' #672 will be computed
Autoionizing line 'Ca' #788 will be computed
Autoionizing line 'Fe' #834 will be computed
Autoionizing line 'Cr' #840 will be computed
Autoionizing line 'Cr' #841 will not be computed
Autoionizing line 'Ca' #844 will be computed
Autoionizing line 'Ca' #849 will be computed
Autoionizing line 'Cr' #872 will be computed
Autoionizing line 'Ca' #880 will be computed
Autoionizing line 'Fe' #887 will be computed
Autoionizing line 'Ca' #889 will be computed
Autoionizing line 'Ca' #890 will be computed
Autoionizing line 'Ca' #908 will be computed
Autoionizing line 'Ca' #910 will be computed
Autoionizing line 'Cr' #919 will be computed
Autoionizing line 'Cr' #922 will be computed
Autoionizing line 'Ca' #924 will be computed
Autoionizing line 'Mn' #929 will be computed
Autoionizing line 'Ca' #933 will be computed
Autoionizing line 'Cr' #938 will be computed
Autoionizing line 'Cr' #948 will be computed
Autoionizing line 'Ca' #957 will be computed
Autoionizing line 'Ca' #958 will be computed
Autoionizing line 'Ca' #959 will be computed
Autoionizing line 'Ca' #960 will be computed
Autoionizing line 'Cr' #962 will be computed
Autoionizing line 'Ca' #976 will be computed
Autoionizing line 'Ca' #978 will be computed
Autoionizing line 'Cr' #993 will be computed
Autoionizing line 'Mn' #1000 will be computed
Autoionizing line 'Ca' #1011 will be computed
Autoionizing line 'Cr' #1027 will be computed
Autoionizing line 'Cr' #1039 will be computed
Autoionizing line 'Cr' #1054 will be computed
Autoionizing line 'Cr' #1062 will be computed
Autoionizing line 'Cr' #1084 will be computed
Autoionizing line 'Fe' #1137 will be computed
Autoionizing line 'Cu' #1163 will be computed
Autoionizing line 'Ca' #1166 will be computed
Autoionizing line 'Cr' #1184 will be computed
Autoionizing line 'Cr' #1197 will be computed
Autoionizing line 'Cr' #1239 will be computed
Autoionizing line 'Mn' #1246 will be computed
Autoionizing line 'Cr' #1253 will be computed
Autoionizing line 'Cr' #1273 will be computed
Autoionizing line 'Cr' #1278 will be computed
Autoionizing line 'Mn' #1298 will be computed
Autoionizing line 'Cr' #1306 will be computed
Autoionizing line 'Cr' #1309 will be computed
Autoionizing line 'Cr' #1322 will be computed
Autoionizing line 'Mn' #1360 will be computed
Autoionizing line 'Cr' #1382 will be computed
Autoionizing line 'Cu' #1448 will be computed
Autoionizing line 'Ca' #1462 will be computed
Autoionizing line 'Cr' #1463 will be computed
Autoionizing line 'Cr' #1473 will be computed
Autoionizing line 'Fe' #1487 will be computed
Autoionizing line 'Cr' #1593 will be computed
Autoionizing line 'Fe' #1601 will be computed
Autoionizing line 'Cr' #1610 will be computed
Autoionizing line 'S' #1624 will be computed
Autoionizing line 'S' #1643 will be computed
Autoionizing line 'Cr' #1652 will be computed
Autoionizing line 'Ca' #1680 will be computed
Autoionizing line 'Cr' #1683 will be computed
Autoionizing line 'Ca' #1693 will be computed
Autoionizing line 'Cr' #1738 will be computed
Autoionizing line 'Cr' #1740 will be computed
Autoionizing line 'Mn' #1749 will be computed
Autoionizing line 'Fe' #1817 will be computed
Autoionizing line 'Cr' #1846 will be computed
Autoionizing line 'Fe' #1893 will be computed
Autoionizing line 'Fe' #1994 will be computed
Autoionizing line 'Cr' #2049 will be computed
Autoionizing line 'Cr' #2108 will be computed
Autoionizing line 'Ca' #2110 will be computed
Autoionizing line 'Ca' #2191 will be computed
Autoionizing line 'Cr' #2198 will be computed
Autoionizing line 'Ca' #2207 will be computed
Autoionizing line 'Cr' #2232 will be computed
Autoionizing line 'Ca' #2251 will be computed
Autoionizing line 'Cr' #2270 will be computed
Autoionizing line 'Ca' #2330 will be computed
Autoionizing line 'Cr' #2339 will be computed
Autoionizing line 'Ca' #2351 will be computed
Autoionizing line 'Cr' #2372 will be computed
Autoionizing line 'Fe' #2374 will be computed
Autoionizing line 'Cr' #2422 will be computed
Autoionizing line 'Ca' #2430 will be computed
Autoionizing line 'Ca' #2465 will be computed
Autoionizing line 'Mn' #2469 will be computed
Autoionizing line 'Ca' #2470 will be computed
Autoionizing line 'Cu' #2477 will be computed
Autoionizing line 'S' #2485 will be computed
Autoionizing line 'S' #2496 will be computed
Autoionizing line 'Cr' #2497 will be computed
Autoionizing line 'Cr' #2547 will be computed
Autoionizing line 'Cr' #2563 will be computed
Autoionizing line 'Fe' #2580 will be computed
Autoionizing line 'Mn' #2592 will be computed
Autoionizing line 'Mn' #2597 will be computed
Autoionizing line 'Cr' #2635 will be computed
Autoionizing line 'Cr' #2668 will be computed
Autoionizing line 'Cr' #2708 will be computed
Autoionizing line 'Cr' #2715 will be computed
Autoionizing line 'Cr' #2717 will be computed
Autoionizing line 'Ca' #2743 will be computed
Autoionizing line 'Cr' #2745 will be computed
Autoionizing line 'Mn' #2764 will be computed
Autoionizing line 'Mn' #2778 will be computed
Autoionizing line 'Cr' #2794 will be computed
Autoionizing line 'Cr' #2821 will be computed
Autoionizing line 'Mn' #2827 will be computed
Autoionizing line 'Cr' #2865 will be computed
Autoionizing line 'Mn' #2895 will be computed
Autoionizing line 'Cr' #2896 will be computed
Autoionizing line 'Cr' #2974 will be computed
Autoionizing line 'Ca' #2975 will be computed
Autoionizing line 'Mn' #2994 will be computed
Autoionizing line 'Mn' #2999 will be computed
Autoionizing line 'Ca' #3013 will be computed
Autoionizing line 'Mn' #3014 will be computed
Autoionizing line 'Fe' #3023 will be computed
Autoionizing line 'Cr' #3077 will be computed
Autoionizing line 'Cr' #3116 will be computed
Autoionizing line 'Ca' #3133 will be computed
Autoionizing line 'Cr' #3169 will be computed
Autoionizing line 'Fe' #3265 will be computed
Autoionizing line 'Fe' #3287 will be computed
Autoionizing line 'Cr' #3294 will be computed
Autoionizing line 'Cr' #3336 will be computed
Autoionizing line 'Fe' #3353 will be computed
Autoionizing line 'Ca' #3386 will be computed
Autoionizing line 'Mn' #3416 will be computed
Autoionizing line 'Mn' #3457 will be computed
Autoionizing line 'Mn' #3460 will be computed
Autoionizing line 'Mn' #3468 will be computed
Autoionizing line 'Mn' #3482 will be computed
Autoionizing line 'Fe' #3483 will be computed
Autoionizing line 'Cr' #3724 will be computed
Autoionizing line 'Cr' #3760 will be computed
Autoionizing line 'Cr' #3766 will be computed
Autoionizing line 'Cr' #3781 will be computed
Autoionizing line 'Cr' #3795 will be computed
Autoionizing line 'Fe' #3810 will be computed
Autoionizing line 'Fe' #3825 will be computed
Autoionizing line 'Cr' #3839 will be computed
Autoionizing line 'Cr' #3842 will be computed
Autoionizing line 'Cr' #3852 will be computed
Autoionizing line 'Fe' #3859 will be computed
Autoionizing line 'Mn' #3862 will be computed
Autoionizing line 'Cr' #3864 will be computed
Autoionizing line 'Cr' #3877 will be computed
Autoionizing line 'Ca' #3892 will be computed
Autoionizing line 'Cr' #3903 will be computed
Autoionizing line 'Ca' #3936 will be computed
Autoionizing line 'Cr' #3947 will be computed
Autoionizing line 'Cr' #3953 will be computed
Autoionizing line 'Fe' #3985 will be computed
Autoionizing line 'Ca' #3993 will be computed
Autoionizing line 'Ca' #4008 will be computed
Autoionizing line 'Cr' #4021 will be computed
Autoionizing line 'Cr' #4059 will be computed
Autoionizing line 'Ca' #4064 will be computed
Autoionizing line 'Ca' #4077 will be computed
Autoionizing line 'Ca' #4078 will be computed
Autoionizing line 'Ca' #4083 will be computed
Autoionizing line 'Ca' #4093 will be computed
Autoionizing line 'Ca' #4094 will be computed
Autoionizing line 'Ca' #4114 will be computed
Autoionizing line 'Cr' #4121 will be computed
Autoionizing line 'Ca' #4125 will be computed
Autoionizing line 'Ca' #4127 will be computed
Autoionizing line 'Cr' #4197 will be computed
Autoionizing line 'Ca' #4219 will be computed
Autoionizing line 'Fe' #4233 will be computed
Autoionizing line 'Cr' #4252 will be computed
Autoionizing line 'Ca' #4271 will be computed
Autoionizing line 'Ca' #4281 will be computed
Autoionizing line 'Ca' #4298 will be computed
Autoionizing line 'Ca' #4299 will be computed
Autoionizing line 'Ca' #4319 will be computed
Autoionizing line 'Ca' #4336 will be computed
Autoionizing line 'Cr' #4355 will be computed
Autoionizing line 'Ca' #4362 will be computed
Autoionizing line 'Cr' #4382 will be computed
Autoionizing line 'Ca' #4401 will be computed
Autoionizing line 'Cu' #4411 will be computed
Autoionizing line 'Mn' #4425 will be computed
Autoionizing line 'Mn' #4426 will be computed
Autoionizing line 'Ca' #4433 will be computed
Autoionizing line 'Ca' #4449 will be computed
Autoionizing line 'Cr' #4549 will be computed
Autoionizing line 'Ca' #4567 will be computed
Autoionizing line 'Fe' #4609 will be computed
Autoionizing line 'Cr' #4640 will be computed
Autoionizing line 'Cu' #4660 will be computed
Autoionizing line 'Cr' #4665 will be computed
Autoionizing line 'Cr' #4799 will be computed
Autoionizing line 'Ca' #4894 will be computed
Autoionizing line 'Cr' #4898 will be computed
Autoionizing line 'Cr' #4937 will be computed
Autoionizing line 'Fe' #4955 will be computed
Autoionizing line 'S' #5030 will be computed
Autoionizing line 'Mn' #5098 will be computed
Autoionizing line 'S' #5135 will be computed
Autoionizing line 'Cu' #5142 will be computed
Autoionizing line 'Cr' #5350 will be computed
Autoionizing line 'Ca' #5357 will be computed
Autoionizing line 'Mn' #5376 will be computed
Autoionizing line 'Cr' #5590 will be computed
Autoionizing line 'Cr' #5599 will be computed
Autoionizing line 'Cu' #5704 will be computed
Autoionizing line 'Cr' #5745 will be computed
Autoionizing line 'Ca' #5785 will be computed
Autoionizing line 'Ca' #5836 will be computed
Autoionizing line 'Mn' #5888 will be computed
Autoionizing line 'Fe' #6041 will be computed
Autoionizing line 'Cr' #6046 will be computed
Autoionizing line 'Ca' #6056 will be computed
Autoionizing line 'Ca' #6116 will be computed
Autoionizing line 'Ca' #6127 will be computed
Autoionizing line 'Cu' #6175 will be computed
Autoionizing line 'Cu' #6193 will be computed
Autoionizing line 'Ca' #6229 will be computed
Autoionizing line 'Ca' #6256 will be computed
Autoionizing line 'Ca' #6258 will be computed
Autoionizing line 'Ca' #6334 will be computed
Autoionizing line 'Cr' #6359 will be computed
Autoionizing line 'Ca' #6395 will be computed
Autoionizing line 'Cu' #6416 will be computed
Autoionizing line 'Ca' #6423 will be computed
Autoionizing line 'Cr' #6485 will be computed
Autoionizing line 'Ca' #6559 will be computed
Autoionizing line 'Ca' #6608 will be computed
Autoionizing line 'Fe' #6613 will be computed
Autoionizing line 'Fe' #6636 will be computed
Autoionizing line 'S' #6639 will be computed
Autoionizing line 'S' #6640 will be computed
Autoionizing line 'Cr' #6647 will be computed
Autoionizing line 'Ca' #6657 will be computed
Autoionizing line 'Fe' #6680 will be computed
Autoionizing line 'Cr' #6698 will be computed
Autoionizing line 'Fe' #6700 will be computed
Autoionizing line 'Cr' #6731 will be computed
Autoionizing line 'S' #6744 will be computed
Autoionizing line 'Cr' #6745 will be computed
Autoionizing line 'S' #6748 will be computed
Autoionizing line 'Cr' #6769 will be computed
Autoionizing line 'Ca' #6772 will be computed
Autoionizing line 'Fe' #6779 will be computed
Autoionizing line 'Cr' #6887 will be computed
Autoionizing line 'Ca' #6899 will be computed
Autoionizing line 'Cr' #6908 will be computed
Autoionizing line 'Cu' #6929 will be computed
Autoionizing line 'Cr' #6978 will be computed
Autoionizing line 'Ca' #7001 will be computed
Autoionizing line 'Ca' #7009 will be computed
Autoionizing line 'Fe' #7013 will be computed
Autoionizing line 'Cr' #7041 will be computed
Autoionizing line 'Cu' #7043 will be computed
Autoionizing line 'Cr' #7058 will be computed
Autoionizing line 'Ca' #7092 will be computed
Autoionizing line 'Cr' #7119 will be computed
Autoionizing line 'Cr' #7133 will be computed
Autoionizing line 'Ca' #7142 will be computed
Autoionizing line 'Mn' #7146 will be computed
Autoionizing line 'Cr' #7168 will be computed
Autoionizing line 'Cr' #7266 will be computed
Autoionizing line 'Cr' #7284 will be computed
Autoionizing line 'Cu' #7330 will be computed
Autoionizing line 'Mn' #7336 will be computed
Autoionizing line 'Cr' #7339 will be computed
Autoionizing line 'S' #7387 will be computed
Autoionizing line 'S' #7388 will be computed
Autoionizing line 'S' #7391 will be computed
Autoionizing line 'S' #7395 will be computed
Autoionizing line 'S' #7396 will be computed
Autoionizing line 'Fe' #7399 will be computed
Autoionizing line 'Cr' #7421 will be computed
Autoionizing line 'Cr' #7428 will be computed
Autoionizing line 'Fe' #7452 will be computed
Autoionizing line 'Fe' #7490 will be computed
Autoionizing line 'Mn' #7517 will be computed
Autoionizing line 'Cr' #7520 will be computed
Autoionizing line 'Mn' #7545 will be computed
Autoionizing line 'Cr' #7550 will be computed
Autoionizing line 'Cr' #7560 will be computed
Autoionizing line 'Mn' #7577 will be computed
Autoionizing line 'Cr' #7581 will be computed
Autoionizing line 'Ca' #7584 will be computed
Autoionizing line 'Ca' #7590 will be computed
Autoionizing line 'Cr' #7596 will be computed
Autoionizing line 'Mn' #7600 will be computed
Autoionizing line 'Cr' #7609 will be computed
Autoionizing line 'Cr' #7618 will be computed
Autoionizing line 'Mn' #7630 will be computed
Autoionizing line 'Mn' #7633 will be computed
Autoionizing line 'Mn' #7634 will be computed
Autoionizing line 'Cu' #7648 will be computed
Autoionizing line 'Ca' #7662 will be computed
Autoionizing line 'Fe' #7679 will be computed
Autoionizing line 'Cr' #7680 will be computed
Autoionizing line 'Mn' #7683 will be computed
Autoionizing line 'Mn' #7686 will be computed
Autoionizing line 'Mn' #7699 will be computed
Autoionizing line 'Cr' #7702 will be computed
Autoionizing line 'Cr' #7703 will be computed
Autoionizing line 'Cr' #7704 will be computed
Autoionizing line 'Ca' #7754 will be computed
Autoionizing line 'Mn' #7764 will be computed
Autoionizing line 'Ca' #7770 will be computed
Autoionizing line 'Ca' #7774 will be computed
Autoionizing line 'Mn' #7785 will be computed
Autoionizing line 'Fe' #7810 will be computed
Autoionizing line 'Ca' #7818 will be computed
Autoionizing line 'Ca' #7858 will be computed
Autoionizing line 'Cr' #7859 will be computed
Autoionizing line 'Ca' #7862 will be computed
Autoionizing line 'Mn' #7871 will be computed
Autoionizing line 'Cr' #7872 will be computed
Autoionizing line 'Cr' #7875 will be computed
Autoionizing line 'Mn' #7880 will be computed
Autoionizing line 'Mn' #7974 will be computed
Autoionizing line 'Mn' #8014 will be computed
Autoionizing line 'Mn' #8020 will be computed
Autoionizing line 'Cr' #8027 will be computed
Autoionizing line 'Ca' #8036 will be computed
Autoionizing line 'Fe' #8037 will be computed
Autoionizing line 'Fe' #8060 will be computed
Autoionizing line 'Mn' #8073 will be computed
Autoionizing line 'Cu' #8090 will be computed
Autoionizing line 'Cr' #8100 will be computed
Autoionizing line 'Cu' #8111 will be computed
Autoionizing line 'Cr' #8127 will be computed
Autoionizing line 'Mn' #8157 will be computed
Autoionizing line 'Cr' #8171 will be computed
Autoionizing line 'Cr' #8173 will be computed
Autoionizing line 'Fe' #8198 will be computed
Autoionizing line 'Mn' #8233 will be computed
Autoionizing line 'Mn' #8237 will be computed
Autoionizing line 'Fe' #8273 will be computed
Autoionizing line 'Fe' #8284 will be computed
Autoionizing line 'Ca' #8285 will be computed
Autoionizing line 'Cr' #8347 will be computed
Autoionizing line 'Cr' #8370 will be computed
Autoionizing line 'Cu' #8373 will be computed
Autoionizing line 'Ca' #8450 will be computed
Autoionizing line 'Ca' #8456 will be computed
Autoionizing line 'Ca' #8492 will be computed
Autoionizing line 'Cu' #8494 will be computed
Autoionizing line 'Fe' #8505 will be computed
Autoionizing line 'Ca' #8517 will be computed
Autoionizing line 'Ca' #8533 will be computed
Autoionizing line 'Fe' #8555 will be computed
Autoionizing line 'Fe' #8589 will be computed
Autoionizing line 'Cu' #8658 will be computed
Autoionizing line 'Mn' #8674 will be computed
Autoionizing line 'Ca' #8728 will be computed
Autoionizing line 'Ca' #8740 will be computed
Autoionizing line 'Mn' #8769 will be computed
Autoionizing line 'Cr' #8786 will be computed
Autoionizing line 'Mn' #8789 will be computed
Autoionizing line 'Fe' #8866 will be computed
Autoionizing line 'Ca' #8904 will be computed
Autoionizing line 'Ca' #8923 will be computed
Autoionizing line 'Ca' #8960 will be computed
Autoionizing line 'Fe' #8968 will be computed
Autoionizing line 'Ca' #8969 will be computed
Autoionizing line 'Ca' #8989 will be computed
Autoionizing line 'Ca' #8993 will be computed
Autoionizing line 'Fe' #9043 will be computed
Autoionizing line 'Ca' #9081 will be computed
Autoionizing line 'Ca' #9101 will be computed
Autoionizing line 'Cr' #9127 will be computed
Autoionizing line 'Ca' #9136 will be computed
Autoionizing line 'Ca' #9155 will be computed
Autoionizing line 'Cr' #9206 will be computed
Autoionizing line 'Fe' #9250 will be computed
Autoionizing line 'Mn' #9273 will be computed
Autoionizing line 'Fe' #9355 will be computed
Autoionizing line 'Ca' #9374 will be computed
Autoionizing line 'Cr' #9410 will be computed
Autoionizing line 'Ca' #9526 will be computed
Autoionizing line 'Fe' #9534 will be computed
Autoionizing line 'Mn' #9544 will be computed
Autoionizing line 'Ca' #9609 will be computed
Autoionizing line 'Fe' #9639 will be computed
Autoionizing line 'Fe' #9723 will be computed
Autoionizing line 'Cu' #9728 will be computed
Autoionizing line 'Mn' #9743 will be computed
Autoionizing line 'Mn' #9876 will be computed
Autoionizing line 'Mn' #9891 will be computed
Autoionizing line 'Cr' #9901 will be computed
Autoionizing line 'Ca' #9909 will be computed
Autoionizing line 'Cr' #10017 will be computed
Autoionizing line 'Fe' #10034 will be computed
Autoionizing line 'Mn' #10048 will be computed
Autoionizing line 'Mn' #10093 will be computed
Autoionizing line 'Mn' #10098 will be computed
Autoionizing line 'Fe' #10108 will be computed
Autoionizing line 'Mn' #10126 will be computed
Autoionizing line 'Fe' #10165 will be computed
Autoionizing line 'Mn' #10380 will be computed
Autoionizing line 'Mn' #10433 will be computed
Autoionizing line 'Ca' #10452 will be computed
Autoionizing line 'Ca' #10457 will be computed
Autoionizing line 'Ca' #10527 will be computed
Autoionizing line 'Cr' #10528 will be computed
Autoionizing line 'Ca' #10536 will be computed
Autoionizing line 'Mn' #10548 will be computed
Autoionizing line 'Cr' #10574 will be computed
Autoionizing line 'Cr' #10592 will be computed
Autoionizing line 'Ca' #10615 will be computed
Autoionizing line 'Ca' #10644 will be computed
Autoionizing line 'Cr' #10664 will be computed
Autoionizing line 'Ca' #10684 will be computed
Autoionizing line 'Mn' #10694 will be computed
Autoionizing line 'Cr' #10695 will be computed
Autoionizing line 'Ca' #10701 will be computed
Autoionizing line 'Ca' #10705 will be computed
Autoionizing line 'Ca' #10713 will be computed
Autoionizing line 'Cr' #10727 will be computed
Autoionizing line 'Ca' #10740 will be computed
Autoionizing line 'Cr' #10764 will be computed
Autoionizing line 'Cr' #10788 will be computed
Autoionizing line 'Ca' #10790 will be computed
Autoionizing line 'Cr' #10827 will be computed
Autoionizing line 'Cr' #10890 will be computed
Autoionizing line 'Cr' #10892 will be computed
Autoionizing line 'Cr' #10902 will be computed
Autoionizing line 'Cr' #10911 will be computed
Autoionizing line 'Cr' #10915 will be computed
Autoionizing line 'Cr' #10918 will be computed
Autoionizing line 'Cr' #10924 will be computed
Autoionizing line 'Fe' #10944 will be computed
Autoionizing line 'Ca' #10970 will be computed
Autoionizing line 'Cr' #10977 will be computed
Autoionizing line 'Cr' #10980 will be computed
Autoionizing line 'Ca' #10984 will be computed
Autoionizing line 'Cr' #10991 will be computed
Autoionizing line 'Ca' #11003 will be computed
Autoionizing line 'Ca' #11053 will be computed
Autoionizing line 'Ca' #11079 will be computed
Autoionizing line 'Ca' #11101 will be computed
Autoionizing line 'Ca' #11144 will be computed
Autoionizing line 'Mn' #11148 will be computed
Autoionizing line 'Ca' #11151 will be computed
Autoionizing line 'Mn' #11158 will be computed
Autoionizing line 'Fe' #11205 will be computed
Autoionizing line 'Ca' #11208 will be computed
Autoionizing line 'Ca' #11221 will be computed
Autoionizing line 'Ca' #11232 will be computed
Autoionizing line 'Cr' #11252 will be computed
Autoionizing line 'Ca' #11259 will be computed
Autoionizing line 'Cr' #11264 will be computed
Autoionizing line 'Cr' #11272 will be computed
Autoionizing line 'Ca' #11283 will be computed
Autoionizing line 'Ca' #11287 will be computed
Autoionizing line 'Cr' #11350 will be computed
Autoionizing line 'Ca' #11353 will be computed
Autoionizing line 'Fe' #11427 will be computed
Autoionizing line 'Mn' #11450 will be computed
Autoionizing line 'Fe' #11471 will be computed
Autoionizing line 'Ca' #11564 will be computed
Autoionizing line 'Ca' #11592 will be computed
Autoionizing line 'Ca' #11640 will be computed
Autoionizing line 'Ca' #11658 will be computed
Autoionizing line 'Fe' #11687 will be computed
Autoionizing line 'Mn' #11708 will be computed
Autoionizing line 'Mn' #11762 will be computed
Autoionizing line 'Mn' #11772 will be computed
Autoionizing line 'Ca' #11797 will be computed
Autoionizing line 'Fe' #11868 will be computed
Autoionizing line 'Ca' #11923 will be computed
Autoionizing line 'Mn' #11928 will be computed
Autoionizing line 'Cr' #11959 will be computed
Autoionizing line 'Cr' #12001 will be computed
Autoionizing line 'Cr' #12010 will be computed
Autoionizing line 'Fe' #12085 will be computed
Autoionizing line 'Cr' #12092 will be computed
Autoionizing line 'Ca' #12152 will be computed
Autoionizing line 'Fe' #12159 will be computed
Autoionizing line 'Ca' #12160 will be computed
Autoionizing line 'Ca' #12194 will be computed
Autoionizing line 'Fe' #12223 will be computed
Autoionizing line 'Fe' #12400 will be computed
Autoionizing line 'Ca' #12401 will be computed
Autoionizing line 'Ca' #12421 will be computed
Autoionizing line 'Fe' #12435 will be computed
Autoionizing line 'Fe' #12438 will be computed
Autoionizing line 'Fe' #12448 will be computed
Autoionizing line 'Fe' #12497 will be computed
Autoionizing line 'Ca' #12526 will be computed
Autoionizing line 'Fe' #12605 will be computed
Autoionizing line 'S' #12639 will be computed
Autoionizing line 'S' #12674 will be computed
Autoionizing line 'Cr' #12780 will be computed
Autoionizing line 'Fe' #12788 will be computed
Autoionizing line 'Fe' #12804 will be computed
Autoionizing line 'Cr' #12806 will be computed
Autoionizing line 'Ca' #12822 will be computed
Autoionizing line 'Fe' #12871 will be computed
Autoionizing line 'Ca' #12878 will be computed
Autoionizing line 'Cr' #12895 will be computed
Autoionizing line 'Cr' #12917 will be computed
Autoionizing line 'Fe' #12985 will be computed
Autoionizing line 'Fe' #13027 will be computed
Autoionizing line 'Fe' #13061 will be computed
Autoionizing line 'Cr' #13078 will be computed
Autoionizing line 'Cr' #13089 will be computed
Autoionizing line 'Fe' #13099 will be computed
Autoionizing line 'Cr' #13166 will be computed
Autoionizing line 'Cr' #13233 will be computed
Autoionizing line 'Fe' #13243 will be computed
Autoionizing line 'Fe' #13324 will be computed
Autoionizing line 'Cr' #13345 will be computed
Autoionizing line 'Ca' #13399 will be computed
Autoionizing line 'Ca' #13415 will be computed
Autoionizing line 'Ca' #13420 will be computed
Autoionizing line 'Cr' #13423 will be computed
Autoionizing line 'Fe' #13427 will be computed
Autoionizing line 'Ca' #13429 will be computed
Autoionizing line 'Cr' #13444 will be computed
Autoionizing line 'Cr' #13446 will be computed
Autoionizing line 'Cr' #13448 will be computed
Autoionizing line 'Ca' #13455 will be computed
Autoionizing line 'Fe' #13459 will be computed
Autoionizing line 'Cr' #13471 will be computed
Autoionizing line 'Fe' #13483 will be computed
Autoionizing line 'Fe' #13487 will be computed
Autoionizing line 'Ca' #13503 will be computed
Autoionizing line 'Cr' #13563 will be computed
Autoionizing line 'Cr' #13632 will be computed
Autoionizing line 'Ca' #13635 will be computed
Autoionizing line 'Ca' #13670 will be computed
Autoionizing line 'Ca' #13707 will be computed
Autoionizing line 'Ca' #13824 will be computed
Autoionizing line 'Ca' #13836 will be computed
Autoionizing line 'Ca' #13861 will be computed
Autoionizing line 'Ca' #13913 will be computed
Autoionizing line 'Ca' #13942 will be computed
Autoionizing line 'Ca' #13945 will be computed
Autoionizing line 'Ca' #13965 will be computed
Autoionizing line 'Ca' #13975 will be computed
Autoionizing line 'Ca' #14026 will be computed
Autoionizing line 'Fe' #14030 will be computed
Autoionizing line 'Ca' #14071 will be computed
Autoionizing line 'Cr' #14080 will be computed
Autoionizing line 'Ca' #14092 will be computed
Autoionizing line 'Ca' #14118 will be computed
Autoionizing line 'Ca' #14171 will be computed
Autoionizing line 'Ca' #14178 will be computed
Autoionizing line 'Ca' #14200 will be computed
Autoionizing line 'Ca' #14216 will be computed
Autoionizing line 'Ca' #14258 will be computed
Autoionizing line 'Ca' #14272 will be computed
Autoionizing line 'Cr' #14339 will be computed
